<?xml version="1.0" encoding="UTF-8"?>
<testsuite xmlns:xsi="http://www.w3.org/2001/XMLSchema-instance" xsi:noNamespaceSchemaLocation="https://maven.apache.org/surefire/maven-surefire-plugin/xsd/surefire-test-report.xsd" name="AllTests" time="0.201" tests="84" errors="0" skipped="0" failures="0">
  <properties>
    <property name="java.specification.version" value="21"/>
    <property name="sun.jnu.encoding" value="UTF-8"/>
    <property name="java.class.path" value="/home/sidney/Documentos/UnB/11 Semestre/tp1_tppe/tp1/target/test-classes:/home/sidney/Documentos/UnB/11 Semestre/tp1_tppe/tp1/target/classes:/home/sidney/.m2/repository/junit/junit/4.11/junit-4.11.jar:/home/sidney/.m2/repository/org/hamcrest/hamcrest-core/1.3/hamcrest-core-1.3.jar:"/>
    <property name="java.vm.vendor" value="Ubuntu"/>
    <property name="sun.arch.data.model" value="64"/>
    <property name="java.vendor.url" value="https://ubuntu.com/"/>
    <property name="os.name" value="Linux"/>
    <property name="java.vm.specification.version" value="21"/>
    <property name="sun.java.launcher" value="SUN_STANDARD"/>
    <property name="user.country" value="BR"/>
    <property name="sun.boot.library.path" value="/usr/lib/jvm/java-21-openjdk-amd64/lib"/>
    <property name="sun.java.command" value="/home/sidney/Documentos/UnB/11 Semestre/tp1_tppe/tp1/target/surefire/surefirebooter14684376709250643704.jar /home/sidney/Documentos/UnB/11 Semestre/tp1_tppe/tp1/target/surefire 2024-07-07T20-07-10_835-jvmRun1 surefire5836033116668111959tmp surefire_010554519941590394559tmp"/>
    <property name="jdk.debug" value="release"/>
    <property name="test" value="AllTests"/>
    <property name="surefire.test.class.path" value="/home/sidney/Documentos/UnB/11 Semestre/tp1_tppe/tp1/target/test-classes:/home/sidney/Documentos/UnB/11 Semestre/tp1_tppe/tp1/target/classes:/home/sidney/.m2/repository/junit/junit/4.11/junit-4.11.jar:/home/sidney/.m2/repository/org/hamcrest/hamcrest-core/1.3/hamcrest-core-1.3.jar:"/>
    <property name="sun.cpu.endian" value="little"/>
    <property name="user.home" value="/home/sidney"/>
    <property name="user.language" value="pt"/>
    <property name="java.specification.vendor" value="Oracle Corporation"/>
    <property name="java.version.date" value="2024-04-16"/>
    <property name="java.home" value="/usr/lib/jvm/java-21-openjdk-amd64"/>
    <property name="file.separator" value="/"/>
    <property name="basedir" value="/home/sidney/Documentos/UnB/11 Semestre/tp1_tppe/tp1"/>
    <property name="java.vm.compressedOopsMode" value="Zero based"/>
    <property name="line.separator" value="&#10;"/>
    <property name="java.specification.name" value="Java Platform API Specification"/>
    <property name="java.vm.specification.vendor" value="Oracle Corporation"/>
    <property name="surefire.real.class.path" value="/home/sidney/Documentos/UnB/11 Semestre/tp1_tppe/tp1/target/surefire/surefirebooter14684376709250643704.jar"/>
    <property name="sun.management.compiler" value="HotSpot 64-Bit Tiered Compilers"/>
    <property name="java.runtime.version" value="21.0.3+9-Ubuntu-1ubuntu122.04.1"/>
    <property name="user.name" value="sidney"/>
    <property name="stdout.encoding" value="UTF-8"/>
    <property name="path.separator" value=":"/>
    <property name="os.version" value="6.5.0-41-generic"/>
    <property name="java.runtime.name" value="OpenJDK Runtime Environment"/>
    <property name="file.encoding" value="UTF-8"/>
    <property name="java.vm.name" value="OpenJDK 64-Bit Server VM"/>
    <property name="localRepository" value="/home/sidney/.m2/repository"/>
    <property name="java.vendor.url.bug" value="https://bugs.launchpad.net/ubuntu/+source/openjdk-21"/>
    <property name="java.io.tmpdir" value="/tmp"/>
    <property name="java.version" value="21.0.3"/>
    <property name="user.dir" value="/home/sidney/Documentos/UnB/11 Semestre/tp1_tppe/tp1"/>
    <property name="os.arch" value="amd64"/>
    <property name="java.vm.specification.name" value="Java Virtual Machine Specification"/>
    <property name="native.encoding" value="UTF-8"/>
    <property name="java.library.path" value="/usr/java/packages/lib:/usr/lib/x86_64-linux-gnu/jni:/lib/x86_64-linux-gnu:/usr/lib/x86_64-linux-gnu:/usr/lib/jni:/lib:/usr/lib"/>
    <property name="java.vm.info" value="mixed mode, sharing"/>
    <property name="stderr.encoding" value="UTF-8"/>
    <property name="java.vendor" value="Ubuntu"/>
    <property name="java.vm.version" value="21.0.3+9-Ubuntu-1ubuntu122.04.1"/>
    <property name="sun.io.unicode.encoding" value="UnicodeLittle"/>
    <property name="java.class.version" value="65.0"/>
  </properties>
  <testcase name="testCadastroCliente[0]" classname="ClienteTest" time="0.002"/>
  <testcase name="testCadastroCliente[1]" classname="ClienteTest" time="0.001"/>
  <testcase name="testCadastroCliente[2]" classname="ClienteTest" time="0.001"/>
  <testcase name="testDefinirRegiao[0]" classname="EnderecoTest" time="0.001"/>
  <testcase name="testCadastroEndereco[0]" classname="EnderecoTest" time="0.001"/>
  <testcase name="testDefinirRegiao[1]" classname="EnderecoTest" time="0"/>
  <testcase name="testCadastroEndereco[1]" classname="EnderecoTest" time="0.001"/>
  <testcase name="testDefinirRegiao[2]" classname="EnderecoTest" time="0"/>
  <testcase name="testCadastroEndereco[2]" classname="EnderecoTest" time="0"/>
  <testcase name="testDefinirRegiao[3]" classname="EnderecoTest" time="0"/>
  <testcase name="testCadastroEndereco[3]" classname="EnderecoTest" time="0"/>
  <testcase name="testDefinirRegiao[4]" classname="EnderecoTest" time="0"/>
  <testcase name="testCadastroEndereco[4]" classname="EnderecoTest" time="0"/>
  <testcase name="testDefinirRegiao[5]" classname="EnderecoTest" time="0"/>
  <testcase name="testCadastroEndereco[5]" classname="EnderecoTest" time="0.001"/>
  <testcase name="testDefinirRegiao[6]" classname="EnderecoTest" time="0"/>
  <testcase name="testCadastroEndereco[6]" classname="EnderecoTest" time="0"/>
  <testcase name="testDefinirRegiao[7]" classname="EnderecoTest" time="0"/>
  <testcase name="testCadastroEndereco[7]" classname="EnderecoTest" time="0"/>
  <testcase name="testDefinirRegiao[8]" classname="EnderecoTest" time="0"/>
  <testcase name="testCadastroEndereco[8]" classname="EnderecoTest" time="0"/>
  <testcase name="testDefinirRegiao[9]" classname="EnderecoTest" time="0"/>
  <testcase name="testCadastroEndereco[9]" classname="EnderecoTest" time="0"/>
  <testcase name="testDefinirRegiao[10]" classname="EnderecoTest" time="0"/>
  <testcase name="testCadastroEndereco[10]" classname="EnderecoTest" time="0"/>
  <testcase name="testProdutoCreation[0]" classname="ProdutoTest" time="0.001"/>
  <testcase name="testProdutoCreation[1]" classname="ProdutoTest" time="0"/>
  <testcase name="testProdutoCreation[2]" classname="ProdutoTest" time="0"/>
  <testcase name="testProdutoCreation[3]" classname="ProdutoTest" time="0"/>
  <testcase name="testProdutoCreation[4]" classname="ProdutoTest" time="0"/>
  <testcase name="testProdutoCreation[5]" classname="ProdutoTest" time="0"/>
  <testcase name="testItemVenda[0]" classname="ItemVendaTest" time="0"/>
  <testcase name="testItemVenda[1]" classname="ItemVendaTest" time="0"/>
  <testcase name="testItemVenda[2]" classname="ItemVendaTest" time="0"/>
  <testcase name="testItemVenda[3]" classname="ItemVendaTest" time="0"/>
  <testcase name="testItemVenda[4]" classname="ItemVendaTest" time="0"/>
  <testcase name="testAddItem[0]" classname="VendaTest" time="0"/>
  <testcase name="testCalculaImposto[0]" classname="VendaTest" time="0"/>
  <testcase name="testCalculaTotalNota[0]" classname="VendaTest" time="0"/>
  <testcase name="testCalculaTotalPedido[0]" classname="VendaTest" time="0"/>
  <testcase name="testCadastroVenda[0]" classname="VendaTest" time="0"/>
  <testcase name="testCalculaFrete[0]" classname="VendaTest" time="0"/>
  <testcase name="testAddItem[1]" classname="VendaTest" time="0.001"/>
  <testcase name="testCalculaImposto[1]" classname="VendaTest" time="0"/>
  <testcase name="testCalculaTotalNota[1]" classname="VendaTest" time="0"/>
  <testcase name="testCalculaTotalPedido[1]" classname="VendaTest" time="0"/>
  <testcase name="testCadastroVenda[1]" classname="VendaTest" time="0"/>
  <testcase name="testCalculaFrete[1]" classname="VendaTest" time="0"/>
  <testcase name="testAddItem[2]" classname="VendaTest" time="0"/>
  <testcase name="testCalculaImposto[2]" classname="VendaTest" time="0"/>
  <testcase name="testCalculaTotalNota[2]" classname="VendaTest" time="0"/>
  <testcase name="testCalculaTotalPedido[2]" classname="VendaTest" time="0"/>
  <testcase name="testCadastroVenda[2]" classname="VendaTest" time="0"/>
  <testcase name="testCalculaFrete[2]" classname="VendaTest" time="0"/>
  <testcase name="testAddItem[3]" classname="VendaTest" time="0"/>
  <testcase name="testCalculaImposto[3]" classname="VendaTest" time="0"/>
  <testcase name="testCalculaTotalNota[3]" classname="VendaTest" time="0"/>
  <testcase name="testCalculaTotalPedido[3]" classname="VendaTest" time="0"/>
  <testcase name="testCadastroVenda[3]" classname="VendaTest" time="0"/>
  <testcase name="testCalculaFrete[3]" classname="VendaTest" time="0"/>
  <testcase name="testAddItem[4]" classname="VendaTest" time="0"/>
  <testcase name="testCalculaImposto[4]" classname="VendaTest" time="0"/>
  <testcase name="testCalculaTotalNota[4]" classname="VendaTest" time="0.001"/>
  <testcase name="testCalculaTotalPedido[4]" classname="VendaTest" time="0"/>
  <testcase name="testCadastroVenda[4]" classname="VendaTest" time="0"/>
  <testcase name="testCalculaFrete[4]" classname="VendaTest" time="0"/>
  <testcase name="testAddItem[5]" classname="VendaTest" time="0"/>
  <testcase name="testCalculaImposto[5]" classname="VendaTest" time="0.001"/>
  <testcase name="testCalculaTotalNota[5]" classname="VendaTest" time="0"/>
  <testcase name="testCalculaTotalPedido[5]" classname="VendaTest" time="0"/>
  <testcase name="testCadastroVenda[5]" classname="VendaTest" time="0"/>
  <testcase name="testCalculaFrete[5]" classname="VendaTest" time="0"/>
  <testcase name="testAddItem[6]" classname="VendaTest" time="0"/>
  <testcase name="testCalculaImposto[6]" classname="VendaTest" time="0.001"/>
  <testcase name="testCalculaTotalNota[6]" classname="VendaTest" time="0"/>
  <testcase name="testCalculaTotalPedido[6]" classname="VendaTest" time="0"/>
  <testcase name="testCadastroVenda[6]" classname="VendaTest" time="0"/>
  <testcase name="testCalculaFrete[6]" classname="VendaTest" time="0"/>
  <testcase name="testCalculaVendasUltimoMes[0]" classname="RelatorioVendaTest" time="0.032"/>
  <testcase name="testVerificaClienteEspecial[0]" classname="RelatorioVendaTest" time="0.004"/>
  <testcase name="testCalculaVendasUltimoMes[1]" classname="RelatorioVendaTest" time="0"/>
  <testcase name="testVerificaClienteEspecial[1]" classname="RelatorioVendaTest" time="0.002"/>
  <testcase name="testCalculaVendasUltimoMes[2]" classname="RelatorioVendaTest" time="0.001"/>
  <testcase name="testVerificaClienteEspecial[2]" classname="RelatorioVendaTest" time="0.001"/>
</testsuite>