<?xml version="1.0" encoding="UTF-8"?>
<testsuite xmlns:xsi="http://www.w3.org/2001/XMLSchema-instance" xsi:noNamespaceSchemaLocation="https://maven.apache.org/surefire/maven-surefire-plugin/xsd/surefire-test-report.xsd" name="SistemaCadastroTest" time="0.094" tests="9" errors="6" skipped="0" failures="0">
  <properties>
    <property name="sun.desktop" value="gnome"/>
    <property name="awt.toolkit" value="sun.awt.X11.XToolkit"/>
    <property name="java.specification.version" value="11"/>
    <property name="sun.cpu.isalist" value=""/>
    <property name="sun.jnu.encoding" value="UTF-8"/>
    <property name="java.class.path" value="/home/sidney/Documentos/UnB/11 Semestre/TPPE/tp1_tppe/tp1/target/test-classes:/home/sidney/Documentos/UnB/11 Semestre/TPPE/tp1_tppe/tp1/target/classes:/home/sidney/.m2/repository/junit/junit/4.11/junit-4.11.jar:/home/sidney/.m2/repository/org/hamcrest/hamcrest-core/1.3/hamcrest-core-1.3.jar:"/>
    <property name="java.vm.vendor" value="Ubuntu"/>
    <property name="sun.arch.data.model" value="64"/>
    <property name="java.vendor.url" value="https://ubuntu.com/"/>
    <property name="user.timezone" value=""/>
    <property name="java.vm.specification.version" value="11"/>
    <property name="os.name" value="Linux"/>
    <property name="user.country" value="BR"/>
    <property name="sun.java.launcher" value="SUN_STANDARD"/>
    <property name="sun.boot.library.path" value="/usr/lib/jvm/java-11-openjdk-amd64/lib"/>
    <property name="sun.java.command" value="/home/sidney/Documentos/UnB/11 Semestre/TPPE/tp1_tppe/tp1/target/surefire/surefirebooter14660444036096781654.jar /home/sidney/Documentos/UnB/11 Semestre/TPPE/tp1_tppe/tp1/target/surefire 2024-07-02T22-41-14_164-jvmRun1 surefire14345763166024821435tmp surefire_010862779166257152379tmp"/>
    <property name="jdk.debug" value="release"/>
    <property name="test" value="SistemaCadastroTest"/>
    <property name="surefire.test.class.path" value="/home/sidney/Documentos/UnB/11 Semestre/TPPE/tp1_tppe/tp1/target/test-classes:/home/sidney/Documentos/UnB/11 Semestre/TPPE/tp1_tppe/tp1/target/classes:/home/sidney/.m2/repository/junit/junit/4.11/junit-4.11.jar:/home/sidney/.m2/repository/org/hamcrest/hamcrest-core/1.3/hamcrest-core-1.3.jar:"/>
    <property name="sun.cpu.endian" value="little"/>
    <property name="user.home" value="/home/sidney"/>
    <property name="user.language" value="pt"/>
    <property name="java.specification.vendor" value="Oracle Corporation"/>
    <property name="java.version.date" value="2024-04-16"/>
    <property name="java.home" value="/usr/lib/jvm/java-11-openjdk-amd64"/>
    <property name="file.separator" value="/"/>
    <property name="basedir" value="/home/sidney/Documentos/UnB/11 Semestre/TPPE/tp1_tppe/tp1"/>
    <property name="java.vm.compressedOopsMode" value="Zero based"/>
    <property name="line.separator" value="&#10;"/>
    <property name="java.specification.name" value="Java Platform API Specification"/>
    <property name="java.vm.specification.vendor" value="Oracle Corporation"/>
    <property name="java.awt.graphicsenv" value="sun.awt.X11GraphicsEnvironment"/>
    <property name="surefire.real.class.path" value="/home/sidney/Documentos/UnB/11 Semestre/TPPE/tp1_tppe/tp1/target/surefire/surefirebooter14660444036096781654.jar"/>
    <property name="sun.management.compiler" value="HotSpot 64-Bit Tiered Compilers"/>
    <property name="java.runtime.version" value="11.0.23+9-post-Ubuntu-1ubuntu122.04.1"/>
    <property name="user.name" value="sidney"/>
    <property name="path.separator" value=":"/>
    <property name="os.version" value="6.5.0-41-generic"/>
    <property name="java.runtime.name" value="OpenJDK Runtime Environment"/>
    <property name="file.encoding" value="UTF-8"/>
    <property name="java.vm.name" value="OpenJDK 64-Bit Server VM"/>
    <property name="maven.ext.class.path" value="/home/sidney/.vscode/extensions/oracle.oracle-java-22.0.1/nbcode/java/maven-nblib/netbeans-eventspy.jar"/>
    <property name="localRepository" value="/home/sidney/.m2/repository"/>
    <property name="java.vendor.url.bug" value="https://bugs.launchpad.net/ubuntu/+source/openjdk-lts"/>
    <property name="java.io.tmpdir" value="/tmp"/>
    <property name="java.version" value="11.0.23"/>
    <property name="user.dir" value="/home/sidney/Documentos/UnB/11 Semestre/TPPE/tp1_tppe/tp1"/>
    <property name="os.arch" value="amd64"/>
    <property name="java.vm.specification.name" value="Java Virtual Machine Specification"/>
    <property name="java.awt.printerjob" value="sun.print.PSPrinterJob"/>
    <property name="sun.os.patch.level" value="unknown"/>
    <property name="java.library.path" value="/usr/java/packages/lib:/usr/lib/x86_64-linux-gnu/jni:/lib/x86_64-linux-gnu:/usr/lib/x86_64-linux-gnu:/usr/lib/jni:/lib:/usr/lib"/>
    <property name="java.vm.info" value="mixed mode, sharing"/>
    <property name="java.vendor" value="Ubuntu"/>
    <property name="java.vm.version" value="11.0.23+9-post-Ubuntu-1ubuntu122.04.1"/>
    <property name="java.specification.maintenance.version" value="2"/>
    <property name="sun.io.unicode.encoding" value="UnicodeLittle"/>
    <property name="java.class.version" value="55.0"/>
  </properties>
  <testcase name="testCadastroCliente[0]" classname="SistemaCadastroTest" time="0.004"/>
  <testcase name="testCadastroVenda[0]" classname="SistemaCadastroTest" time="0.015">
    <error type="java.util.InputMismatchException">java.util.InputMismatchException
	at SistemaCadastroTest.testCadastroVenda(SistemaCadastroTest.java:119)
</error>
    <system-out><![CDATA[Digite o CPF ou CNPJ do cliente (números apenas):
Digite o nome do cliente:
Digite a sigla do estado do endereço:
A cidade é capital? (s/n)
O cliente é prime? (s/n)
Cliente cadastrado com sucesso!
Digite o codigo do produto: 
Adicione a descricao: 
Digite o valor de venda: 
]]></system-out>
  </testcase>
  <testcase name="testCadastroProduto[0]" classname="SistemaCadastroTest" time="0.008">
    <error type="java.util.InputMismatchException">java.util.InputMismatchException
	at SistemaCadastroTest.testCadastroProduto(SistemaCadastroTest.java:93)
</error>
    <system-out><![CDATA[Digite o codigo do produto: 
Adicione a descricao: 
Digite o valor de venda: 
]]></system-out>
  </testcase>
  <testcase name="testCadastroCliente[1]" classname="SistemaCadastroTest" time="0.001"/>
  <testcase name="testCadastroVenda[1]" classname="SistemaCadastroTest" time="0.007">
    <error type="java.util.InputMismatchException">java.util.InputMismatchException
	at SistemaCadastroTest.testCadastroVenda(SistemaCadastroTest.java:119)
</error>
    <system-out><![CDATA[Digite o CPF ou CNPJ do cliente (números apenas):
Digite o nome do cliente:
Digite a sigla do estado do endereço:
A cidade é capital? (s/n)
O cliente é prime? (s/n)
Cliente cadastrado com sucesso!
Digite o codigo do produto: 
Adicione a descricao: 
Digite o valor de venda: 
]]></system-out>
  </testcase>
  <testcase name="testCadastroProduto[1]" classname="SistemaCadastroTest" time="0.005">
    <error type="java.util.InputMismatchException">java.util.InputMismatchException
	at SistemaCadastroTest.testCadastroProduto(SistemaCadastroTest.java:93)
</error>
    <system-out><![CDATA[Digite o codigo do produto: 
Adicione a descricao: 
Digite o valor de venda: 
]]></system-out>
  </testcase>
  <testcase name="testCadastroCliente[2]" classname="SistemaCadastroTest" time="0.001"/>
  <testcase name="testCadastroVenda[2]" classname="SistemaCadastroTest" time="0.006">
    <error type="java.util.InputMismatchException">java.util.InputMismatchException
	at SistemaCadastroTest.testCadastroVenda(SistemaCadastroTest.java:119)
</error>
    <system-out><![CDATA[Digite o CPF ou CNPJ do cliente (números apenas):
Digite o nome do cliente:
Digite a sigla do estado do endereço:
A cidade é capital? (s/n)
O cliente é prime? (s/n)
Cliente cadastrado com sucesso!
Digite o codigo do produto: 
Adicione a descricao: 
Digite o valor de venda: 
]]></system-out>
  </testcase>
  <testcase name="testCadastroProduto[2]" classname="SistemaCadastroTest" time="0.006">
    <error type="java.util.InputMismatchException">java.util.InputMismatchException
	at SistemaCadastroTest.testCadastroProduto(SistemaCadastroTest.java:93)
</error>
    <system-out><![CDATA[Digite o codigo do produto: 
Adicione a descricao: 
Digite o valor de venda: 
]]></system-out>
  </testcase>
</testsuite>