<?xml version="1.0" encoding="UTF-8"?>
<testsuite xmlns:xsi="http://www.w3.org/2001/XMLSchema-instance" xsi:noNamespaceSchemaLocation="https://maven.apache.org/surefire/maven-surefire-plugin/xsd/surefire-test-report.xsd" name="ProdutoTest" time="0.006" tests="25" errors="0" skipped="0" failures="0">
  <properties>
    <property name="java.specification.version" value="21"/>
    <property name="sun.jnu.encoding" value="UTF-8"/>
    <property name="java.class.path" value="/home/sidney/Documentos/UnB/11 Semestre/TPPE/tp1_tppe/tp1/target/test-classes:/home/sidney/Documentos/UnB/11 Semestre/TPPE/tp1_tppe/tp1/target/classes:/home/sidney/.m2/repository/junit/junit/4.11/junit-4.11.jar:/home/sidney/.m2/repository/org/hamcrest/hamcrest-core/1.3/hamcrest-core-1.3.jar:"/>
    <property name="java.vm.vendor" value="Ubuntu"/>
    <property name="sun.arch.data.model" value="64"/>
    <property name="java.vendor.url" value="https://ubuntu.com/"/>
    <property name="os.name" value="Linux"/>
    <property name="java.vm.specification.version" value="21"/>
    <property name="sun.java.launcher" value="SUN_STANDARD"/>
    <property name="user.country" value="BR"/>
    <property name="sun.boot.library.path" value="/usr/lib/jvm/java-21-openjdk-amd64/lib"/>
    <property name="sun.java.command" value="/home/sidney/Documentos/UnB/11 Semestre/TPPE/tp1_tppe/tp1/target/surefire/surefirebooter16331815470146448093.jar /home/sidney/Documentos/UnB/11 Semestre/TPPE/tp1_tppe/tp1/target/surefire 2024-07-06T18-35-05_789-jvmRun1 surefire6327044446807866954tmp surefire_014587669055185186481tmp"/>
    <property name="jdk.debug" value="release"/>
    <property name="surefire.test.class.path" value="/home/sidney/Documentos/UnB/11 Semestre/TPPE/tp1_tppe/tp1/target/test-classes:/home/sidney/Documentos/UnB/11 Semestre/TPPE/tp1_tppe/tp1/target/classes:/home/sidney/.m2/repository/junit/junit/4.11/junit-4.11.jar:/home/sidney/.m2/repository/org/hamcrest/hamcrest-core/1.3/hamcrest-core-1.3.jar:"/>
    <property name="sun.cpu.endian" value="little"/>
    <property name="user.home" value="/home/sidney"/>
    <property name="user.language" value="pt"/>
    <property name="java.specification.vendor" value="Oracle Corporation"/>
    <property name="java.version.date" value="2024-04-16"/>
    <property name="java.home" value="/usr/lib/jvm/java-21-openjdk-amd64"/>
    <property name="file.separator" value="/"/>
    <property name="basedir" value="/home/sidney/Documentos/UnB/11 Semestre/TPPE/tp1_tppe/tp1"/>
    <property name="java.vm.compressedOopsMode" value="Zero based"/>
    <property name="line.separator" value="&#10;"/>
    <property name="java.specification.name" value="Java Platform API Specification"/>
    <property name="java.vm.specification.vendor" value="Oracle Corporation"/>
    <property name="surefire.real.class.path" value="/home/sidney/Documentos/UnB/11 Semestre/TPPE/tp1_tppe/tp1/target/surefire/surefirebooter16331815470146448093.jar"/>
    <property name="sun.management.compiler" value="HotSpot 64-Bit Tiered Compilers"/>
    <property name="java.runtime.version" value="21.0.3+9-Ubuntu-1ubuntu122.04.1"/>
    <property name="user.name" value="sidney"/>
    <property name="stdout.encoding" value="UTF-8"/>
    <property name="path.separator" value=":"/>
    <property name="os.version" value="6.5.0-41-generic"/>
    <property name="java.runtime.name" value="OpenJDK Runtime Environment"/>
    <property name="file.encoding" value="UTF-8"/>
    <property name="java.vm.name" value="OpenJDK 64-Bit Server VM"/>
    <property name="localRepository" value="/home/sidney/.m2/repository"/>
    <property name="java.vendor.url.bug" value="https://bugs.launchpad.net/ubuntu/+source/openjdk-21"/>
    <property name="java.io.tmpdir" value="/tmp"/>
    <property name="java.version" value="21.0.3"/>
    <property name="user.dir" value="/home/sidney/Documentos/UnB/11 Semestre/TPPE/tp1_tppe/tp1"/>
    <property name="os.arch" value="amd64"/>
    <property name="java.vm.specification.name" value="Java Virtual Machine Specification"/>
    <property name="native.encoding" value="UTF-8"/>
    <property name="java.library.path" value="/usr/java/packages/lib:/usr/lib/x86_64-linux-gnu/jni:/lib/x86_64-linux-gnu:/usr/lib/x86_64-linux-gnu:/usr/lib/jni:/lib:/usr/lib"/>
    <property name="java.vm.info" value="mixed mode, sharing"/>
    <property name="stderr.encoding" value="UTF-8"/>
    <property name="java.vendor" value="Ubuntu"/>
    <property name="java.vm.version" value="21.0.3+9-Ubuntu-1ubuntu122.04.1"/>
    <property name="sun.io.unicode.encoding" value="UnicodeLittle"/>
    <property name="java.class.version" value="65.0"/>
  </properties>
  <testcase name="testUnidadeVazia[0]" classname="ProdutoTest" time="0"/>
  <testcase name="testDescricaoVazia[0]" classname="ProdutoTest" time="0"/>
  <testcase name="testCodigoItemVazio[0]" classname="ProdutoTest" time="0"/>
  <testcase name="testValorValorVendaZero[0]" classname="ProdutoTest" time="0"/>
  <testcase name="testCadastroProduto[0]" classname="ProdutoTest" time="0.001"/>
  <testcase name="testUnidadeVazia[1]" classname="ProdutoTest" time="0"/>
  <testcase name="testDescricaoVazia[1]" classname="ProdutoTest" time="0"/>
  <testcase name="testCodigoItemVazio[1]" classname="ProdutoTest" time="0"/>
  <testcase name="testValorValorVendaZero[1]" classname="ProdutoTest" time="0"/>
  <testcase name="testCadastroProduto[1]" classname="ProdutoTest" time="0"/>
  <testcase name="testUnidadeVazia[2]" classname="ProdutoTest" time="0"/>
  <testcase name="testDescricaoVazia[2]" classname="ProdutoTest" time="0"/>
  <testcase name="testCodigoItemVazio[2]" classname="ProdutoTest" time="0"/>
  <testcase name="testValorValorVendaZero[2]" classname="ProdutoTest" time="0"/>
  <testcase name="testCadastroProduto[2]" classname="ProdutoTest" time="0"/>
  <testcase name="testUnidadeVazia[3]" classname="ProdutoTest" time="0"/>
  <testcase name="testDescricaoVazia[3]" classname="ProdutoTest" time="0"/>
  <testcase name="testCodigoItemVazio[3]" classname="ProdutoTest" time="0"/>
  <testcase name="testValorValorVendaZero[3]" classname="ProdutoTest" time="0"/>
  <testcase name="testCadastroProduto[3]" classname="ProdutoTest" time="0"/>
  <testcase name="testUnidadeVazia[4]" classname="ProdutoTest" time="0"/>
  <testcase name="testDescricaoVazia[4]" classname="ProdutoTest" time="0"/>
  <testcase name="testCodigoItemVazio[4]" classname="ProdutoTest" time="0"/>
  <testcase name="testValorValorVendaZero[4]" classname="ProdutoTest" time="0"/>
  <testcase name="testCadastroProduto[4]" classname="ProdutoTest" time="0"/>
</testsuite>